<?xml version="1.0" encoding="UTF-8"?>
<testng-results ignored="0" total="1" passed="1" failed="0" skipped="0">
  <reporter-output>
  </reporter-output>
  <suite started-at="2026-07-02T12:36:57 IST" name="Default suite" finished-at="2026-07-02T12:38:52 IST" duration-ms="114491">
    <groups>
    </groups>
    <test started-at="2026-07-02T12:36:57 IST" name="Default test" finished-at="2026-07-02T12:38:52 IST" duration-ms="114491">
      <class name="testcases.TC004_MultipleProducts">
        <test-method is-config="true" signature="setup()[pri:0, instance:testcases.TC004_MultipleProducts@2d3379b4]" started-at="2026-07-02T12:36:58 IST" name="setup" finished-at="2026-07-02T12:37:33 IST" duration-ms="35403" status="PASS">
          <reporter-output>
          </reporter-output>
        </test-method> <!-- setup -->
        <test-method signature="multipleProductsTest()[pri:0, instance:testcases.TC004_MultipleProducts@2d3379b4]" started-at="2026-07-02T12:37:33 IST" name="multipleProductsTest" finished-at="2026-07-02T12:38:42 IST" duration-ms="68780" status="PASS">
          <reporter-output>
          </reporter-output>
        </test-method> <!-- multipleProductsTest -->
        <test-method is-config="true" signature="tearDown()[pri:0, instance:testcases.TC004_MultipleProducts@2d3379b4]" started-at="2026-07-02T12:38:42 IST" name="tearDown" finished-at="2026-07-02T12:38:52 IST" duration-ms="10263" status="PASS">
          <reporter-output>
          </reporter-output>
        </test-method> <!-- tearDown -->
      </class> <!-- testcases.TC004_MultipleProducts -->
    </test> <!-- Default test -->
  </suite> <!-- Default suite -->
</testng-results>
